<?xml version="1.0" encoding="UTF-8"?>
<!-- Generated by org.testng.reporters.JUnitReportReporter -->
<testsuite hostname="DESKTOP-74E8GDS" failures="0" tests="3" name="demo.TestNGDependencyDemo" time="0.006" errors="0" timestamp="2023-09-11T18:42:42 AEST" skipped="0">
  <testcase classname="demo.TestNGDependencyDemo" name="test1" time="0.003"/>
  <testcase classname="demo.TestNGDependencyDemo" name="test2" time="0.001"/>
  <testcase classname="demo.TestNGDependencyDemo" name="test3" time="0.002"/>
</testsuite> <!-- demo.TestNGDependencyDemo -->
