<?xml version="1.0" encoding="UTF-8"?>
<!-- Generated by org.testng.reporters.JUnitReportReporter -->
<testsuite hostname="DESKTOP-74E8GDS" failures="0" tests="3" name="demo.TestNGPriorityDemo" time="0.010" errors="0" timestamp="2023-09-11T16:24:21 AEST" skipped="0">
  <testcase classname="demo.TestNGPriorityDemo" name="one" time="0.008"/>
  <testcase classname="demo.TestNGPriorityDemo" name="two" time="0.001"/>
  <testcase classname="demo.TestNGPriorityDemo" name="three" time="0.001"/>
</testsuite> <!-- demo.TestNGPriorityDemo -->
