<?xml version="1.0" encoding="UTF-8"?>
<!-- Generated by org.testng.reporters.JUnitReportReporter -->
<testsuite hostname="DESKTOP-74E8GDS" failures="0" tests="4" name="demo.TestNGGroupsDemo" time="0.013" errors="0" timestamp="2023-09-11T18:42:42 AEST" skipped="0">
  <testcase classname="demo.TestNGGroupsDemo" name="Test4" time="0.001"/>
  <testcase classname="demo.TestNGGroupsDemo" name="Test1" time="0.009"/>
  <testcase classname="demo.TestNGGroupsDemo" name="Test2" time="0.002"/>
  <testcase classname="demo.TestNGGroupsDemo" name="Test3" time="0.001"/>
</testsuite> <!-- demo.TestNGGroupsDemo -->
