<?xml version="1.0" encoding="UTF-8"?>
<!-- Generated by org.testng.reporters.JUnitReportReporter -->
<testsuite hostname="DESKTOP-74E8GDS" failures="0" tests="5" name="utils.ExcelDataProvider" time="72.153" errors="0" timestamp="2023-09-11T14:00:19 AEST" skipped="0">
  <testcase classname="utils.ExcelDataProvider" name="test1" time="13.209"/>
  <testcase classname="utils.ExcelDataProvider" name="test1" time="19.273"/>
  <testcase classname="utils.ExcelDataProvider" name="test1" time="13.205"/>
  <testcase classname="utils.ExcelDataProvider" name="test1" time="13.225"/>
  <testcase classname="utils.ExcelDataProvider" name="test1" time="13.241"/>
</testsuite> <!-- utils.ExcelDataProvider -->
