<?xml version="1.0" encoding="UTF-8"?>
<!-- Generated by org.testng.reporters.JUnitReportReporter -->
<testsuite hostname="DESKTOP-74E8GDS" failures="0" tests="3" name="listeners.TestNGListenerDemo2" time="0.007" errors="0" timestamp="2023-09-11T15:05:27 AEST" skipped="0">
  <testcase classname="listeners.TestNGListenerDemo2" name="test5" time="0.002"/>
  <testcase classname="listeners.TestNGListenerDemo2" name="test6" time="0.002"/>
  <testcase classname="listeners.TestNGListenerDemo2" name="test4" time="0.003"/>
</testsuite> <!-- listeners.TestNGListenerDemo2 -->
