<?xml version="1.0" encoding="UTF-8"?>
<!-- Generated by org.testng.reporters.JUnitReportReporter -->
<testsuite hostname="DESKTOP-74E8GDS" failures="0" tests="1" name="demo.RecordingKatalonDemo" time="18.004" errors="0" timestamp="2023-09-12T14:31:14 AEST" skipped="0">
  <testcase classname="demo.RecordingKatalonDemo" name="testUntitledTestCase" time="18.004"/>
</testsuite> <!-- demo.RecordingKatalonDemo -->
