<?xml version="1.0" encoding="UTF-8"?>
<!-- Generated by org.testng.reporters.JUnitReportReporter -->
<testsuite hostname="DESKTOP-74E8GDS" failures="0" tests="1" name="Selenium.MavenSelenium.ExtentReportDemoWithTestNG" time="2.588" errors="0" timestamp="2023-09-04T16:26:16 AEST" skipped="0">
  <testcase classname="Selenium.MavenSelenium.ExtentReportDemoWithTestNG" name="test1" time="2.588"/>
</testsuite> <!-- Selenium.MavenSelenium.ExtentReportDemoWithTestNG -->
