<?xml version="1.0" encoding="UTF-8"?>
<!-- Generated by org.testng.reporters.JUnitReportReporter -->
<testsuite hostname="DESKTOP-74E8GDS" failures="0" tests="1" name="test.TestNG_Demo2" time="1.863" errors="0" timestamp="2023-08-28T16:00:28 AEST" skipped="0">
  <testcase classname="test.TestNG_Demo2" name="googleSearch" time="1.863"/>
</testsuite> <!-- test.TestNG_Demo2 -->
