<?xml version="1.0" encoding="UTF-8"?>
<!-- Generated by org.testng.reporters.JUnitReportReporter -->
<testsuite hostname="DESKTOP-74E8GDS" failures="0" tests="3" name="listeners.TestNGListenerDemo" time="5.153" errors="0" timestamp="2023-09-11T15:05:27 AEST" skipped="1">
  <testcase classname="listeners.TestNGListenerDemo" name="test1" time="0.010"/>
  <testcase classname="listeners.TestNGListenerDemo" name="test2" time="5.140"/>
  <testcase classname="listeners.TestNGListenerDemo" name="test3" time="0.003">
    <skipped/>
  </testcase> <!-- test3 -->
</testsuite> <!-- listeners.TestNGListenerDemo -->
