<?xml version="1.0" encoding="UTF-8"?>
<!-- Generated by org.testng.reporters.JUnitReportReporter -->
<testsuite hostname="DESKTOP-74E8GDS" failures="0" tests="1" name="test.TestNG_Demo" time="2.383" errors="0" timestamp="2023-09-05T13:47:42 AEST" skipped="0">
  <testcase classname="test.TestNG_Demo" name="googleSearch2" time="2.383"/>
</testsuite> <!-- test.TestNG_Demo -->
