<?xml version="1.0" encoding="UTF-8"?>
<!-- Generated by org.testng.reporters.JUnitReportReporter -->
<testsuite hostname="DESKTOP-74E8GDS" failures="0" tests="2" name="demo.TestNGIgnoreDemo" time="0.007" errors="0" timestamp="2023-09-12T10:49:02 AEST" skipped="1">
  <testcase classname="demo.TestNGIgnoreDemo" name="test2" time="0.007"/>
  <testcase classname="demo.TestNGIgnoreDemo" name="test1">
    <skipped/>
  </testcase> <!-- test1 -->
</testsuite> <!-- demo.TestNGIgnoreDemo -->
